<?xml version="1.0" encoding="UTF-8"?>
<testsuite name="BalanceTest" tests="1" skipped="0" failures="0" errors="0" timestamp="2021-07-15T16:34:43" hostname="bruno-Aspire-A315-53" time="0.004">
  <properties/>
  <testcase name="shouldAddMoneyToBalance()" classname="BalanceTest" time="0.004"/>
  <system-out><![CDATA[]]></system-out>
  <system-err><![CDATA[]]></system-err>
</testsuite>
