<?xml version="1.0" encoding="UTF-8"?>
<testsuite name="ProviderTest" tests="1" skipped="0" failures="0" errors="0" timestamp="2021-07-15T16:34:43" hostname="bruno-Aspire-A315-53" time="0.001">
  <properties/>
  <testcase name="shouldGetAttributes()" classname="ProviderTest" time="0.001"/>
  <system-out><![CDATA[]]></system-out>
  <system-err><![CDATA[]]></system-err>
</testsuite>
