<?xml version="1.0" encoding="UTF-8"?>
<testsuite name="StockTest" tests="2" skipped="0" failures="0" errors="0" timestamp="2021-07-11T19:12:17" hostname="bruno-Aspire-A315-53" time="0.034">
  <properties/>
  <testcase name="shouldRemoveProduct()" classname="StockTest" time="0.031"/>
  <testcase name="shouldAddProduct()" classname="StockTest" time="0.002"/>
  <system-out><![CDATA[]]></system-out>
  <system-err><![CDATA[]]></system-err>
</testsuite>
