<?xml version="1.0" encoding="UTF-8"?>
<testsuite name="StockTest" tests="6" skipped="0" failures="0" errors="0" timestamp="2021-07-15T16:34:43" hostname="bruno-Aspire-A315-53" time="0.059">
  <properties/>
  <testcase name="shouldGetProduct()" classname="StockTest" time="0.046"/>
  <testcase name="shouldRemoveProduct()" classname="StockTest" time="0.001"/>
  <testcase name="shouldAddProduct()" classname="StockTest" time="0.001"/>
  <testcase name="shouldSellProduct()" classname="StockTest" time="0.002"/>
  <testcase name="shouldGetQuantityOfProducts()" classname="StockTest" time="0.001"/>
  <testcase name="shouldGetProducts()" classname="StockTest" time="0.002"/>
  <system-out><![CDATA[]]></system-out>
  <system-err><![CDATA[]]></system-err>
</testsuite>
